<?xml version="1.0" encoding="UTF-8" ?>
<testsuite tests="1" failures="0" name="com.example.NewTest" time="0.769" errors="0" skipped="0">
  <properties>
    <property name="java.vendor" value="Private Build"/>
    <property name="JOB_NAME" value="SeleJenk"/>
    <property name="PWD" value="/home/sathishtipofeve/Downloads"/>
    <property name="LESSCLOSE" value="/bin/lesspipe %s %s"/>
    <property name="RUN_TESTS_DISPLAY_URL" value="http://localhost:8082/job/SeleJenk/2/display/redirect?page=tests"/>
    <property name="sun.java.launcher" value="SUN_STANDARD"/>
    <property name="sun.management.compiler" value="HotSpot 64-Bit Tiered Compilers"/>
    <property name="JENKINS_HOME" value="/home/sathishtipofeve/.jenkins"/>
    <property name="PATH" value="/sbin:/bin:/usr/bin:/usr/local/bin"/>
    <property name="HUDSON_SERVER_COOKIE" value="61543871df5fe355"/>
    <property name="POM_ARTIFACTID" value="SeleJenk"/>
    <property name="os.name" value="Linux"/>
    <property name="GLADE_PIXMAP_PATH" value=":"/>
    <property name="sun.boot.class.path" value="/usr/lib/jvm/java-8-openjdk-amd64/jre/lib/resources.jar:/usr/lib/jvm/java-8-openjdk-amd64/jre/lib/rt.jar:/usr/lib/jvm/java-8-openjdk-amd64/jre/lib/sunrsasign.jar:/usr/lib/jvm/java-8-openjdk-amd64/jre/lib/jsse.jar:/usr/lib/jvm/java-8-openjdk-amd64/jre/lib/jce.jar:/usr/lib/jvm/java-8-openjdk-amd64/jre/lib/charsets.jar:/usr/lib/jvm/java-8-openjdk-amd64/jre/lib/jfr.jar:/usr/lib/jvm/java-8-openjdk-amd64/jre/classes"/>
    <property name="EXECUTOR_NUMBER" value="0"/>
    <property name="XDG_DATA_DIRS" value="/usr/share/xfce4:/usr/local/share/:/usr/share/:/usr/share"/>
    <property name="java.vm.specification.vendor" value="Oracle Corporation"/>
    <property name="POM_DISPLAYNAME" value="SeleJenk"/>
    <property name="XDG_RUNTIME_DIR" value="/run/user/1004"/>
    <property name="NODE_LABELS" value="built-in"/>
    <property name="WINDOWID" value="58720260"/>
    <property name="java.runtime.version" value="1.8.0_252-8u252-b09-1~16.04-b09"/>
    <property name="UID" value="1004"/>
    <property name="GLADE_CATALOG_PATH" value=":"/>
    <property name="user.name" value="sathishtipofeve"/>
    <property name="XRDP_SESSION" value="1"/>
    <property name="guice.disable.misplaced.annotation.check" value="true"/>
    <property name="SSH_AGENT_PID" value="16313"/>
    <property name="user.language" value="en"/>
    <property name="JOB_BASE_NAME" value="SeleJenk"/>
    <property name="RUN_CHANGES_DISPLAY_URL" value="http://localhost:8082/job/SeleJenk/2/display/redirect?page=changes"/>
    <property name="BUILD_DISPLAY_NAME" value="#2"/>
    <property name="sun.boot.library.path" value="/usr/lib/jvm/java-8-openjdk-amd64/jre/lib/amd64"/>
    <property name="QT_ACCESSIBILITY" value="1"/>
    <property name="DISPLAY" value=":10.0"/>
    <property name="java.version" value="1.8.0_252"/>
    <property name="user.timezone" value="Etc/UTC"/>
    <property name="sun.arch.data.model" value="64"/>
    <property name="NODE_NAME" value="built-in"/>
    <property name="TERM" value="xterm"/>
    <property name="java.endorsed.dirs" value="/usr/lib/jvm/java-8-openjdk-amd64/jre/lib/endorsed"/>
    <property name="BUILD_ID" value="2"/>
    <property name="sun.cpu.isalist" value=""/>
    <property name="sun.jnu.encoding" value="UTF-8"/>
    <property name="file.encoding.pkg" value="sun.io"/>
    <property name="SHELL" value="/bin/bash"/>
    <property name="file.separator" value="/"/>
    <property name="java.specification.name" value="Java Platform API Specification"/>
    <property name="maven.conf" value="/home/sathishtipofeve/.jenkins/tools/hudson.tasks.Maven_MavenInstallation/maven/conf"/>
    <property name="java.class.version" value="52.0"/>
    <property name="org.slf4j.simpleLogger.defaultLogLevel" value="info"/>
    <property name="user.country" value="US"/>
    <property name="java.home" value="/usr/lib/jvm/java-8-openjdk-amd64/jre"/>
    <property name="XDG_CONFIG_DIRS" value="/etc/xdg"/>
    <property name="java.vm.info" value="mixed mode"/>
    <property name="LESSOPEN" value="| /bin/lesspipe %s"/>
    <property name="os.version" value="4.4.0-1111-aws"/>
    <property name="SESSION_MANAGER" value="local/ip-172-31-25-251:@/tmp/.ICE-unix/16334,unix/ip-172-31-25-251:/tmp/.ICE-unix/16334"/>
    <property name="RUN_DISPLAY_URL" value="http://localhost:8082/job/SeleJenk/2/display/redirect"/>
    <property name="POM_VERSION" value="0.0.1-SNAPSHOT"/>
    <property name="sun.font.fontmanager" value="sun.awt.X11FontManager"/>
    <property name="RUN_ARTIFACTS_DISPLAY_URL" value="http://localhost:8082/job/SeleJenk/2/display/redirect?page=artifacts"/>
    <property name="path.separator" value=":"/>
    <property name="java.vm.version" value="25.252-b09"/>
    <property name="JOB_DISPLAY_URL" value="http://localhost:8082/job/SeleJenk/display/redirect"/>
    <property name="DESKTOP_SESSION" value="xfce"/>
    <property name="SHLVL" value="1"/>
    <property name="_" value="/usr/bin/java"/>
    <property name="java.awt.printerjob" value="sun.print.PSPrinterJob"/>
    <property name="sun.io.unicode.encoding" value="UnicodeLittle"/>
    <property name="HISTTIMEFORMAT" value="%d-%b-%Y %T "/>
    <property name="XDG_MENU_PREFIX" value="xfce-"/>
    <property name="awt.toolkit" value="sun.awt.X11.XToolkit"/>
    <property name="POM_PACKAGING" value="jar"/>
    <property name="HOME" value="/home/sathishtipofeve"/>
    <property name="POM_GROUPID" value="SeleJenk"/>
    <property name="user.home" value="/home/sathishtipofeve"/>
    <property name="BUILD_TAG" value="jenkins-SeleJenk-2"/>
    <property name="JENKINS_SERVER_COOKIE" value="61543871df5fe355"/>
    <property name="HUDSON_URL" value="http://localhost:8082/"/>
    <property name="DBUS_SESSION_BUS_ADDRESS" value="unix:abstract=/tmp/dbus-5F2KS3gRRc,guid=6fd8c42ce4e578e03f43647e62cad8dc"/>
    <property name="java.specification.vendor" value="Oracle Corporation"/>
    <property name="XDG_SESSION_ID" value="c3"/>
    <property name="CLASSPATH" value=""/>
    <property name="java.vendor.url" value="http://java.oracle.com/"/>
    <property name="java.library.path" value="/usr/java/packages/lib/amd64:/usr/lib/x86_64-linux-gnu/jni:/lib/x86_64-linux-gnu:/usr/lib/x86_64-linux-gnu:/usr/lib/jni:/lib:/usr/lib"/>
    <property name="java.vm.vendor" value="Private Build"/>
    <property name="java.runtime.name" value="OpenJDK Runtime Environment"/>
    <property name="maven.home" value="/home/sathishtipofeve/.jenkins/tools/hudson.tasks.Maven_MavenInstallation/maven"/>
    <property name="java.class.path" value="/home/sathishtipofeve/.jenkins/plugins/maven-plugin/WEB-INF/lib/maven35-agent-1.13.jar:/home/sathishtipofeve/.jenkins/tools/hudson.tasks.Maven_MavenInstallation/maven/boot/plexus-classworlds-2.6.0.jar:/home/sathishtipofeve/.jenkins/tools/hudson.tasks.Maven_MavenInstallation/maven/conf/logging"/>
    <property name="sun.java.command" value="jenkins.maven3.agent.Maven35Main /home/sathishtipofeve/.jenkins/tools/hudson.tasks.Maven_MavenInstallation/maven /home/sathishtipofeve/.jenkins/war/WEB-INF/lib/remoting-4.13.2.jar /home/sathishtipofeve/.jenkins/plugins/maven-plugin/WEB-INF/lib/maven35-interceptor-1.13.jar /home/sathishtipofeve/.jenkins/plugins/maven-plugin/WEB-INF/lib/maven3-interceptor-commons-1.13.jar 45642"/>
    <property name="java.vm.specification.name" value="Java Virtual Machine Specification"/>
    <property name="GLADE_MODULE_PATH" value=":"/>
    <property name="jansi.mode" value="strip"/>
    <property name="java.vm.specification.version" value="1.8"/>
    <property name="sun.os.patch.level" value="unknown"/>
    <property name="sun.cpu.endian" value="little"/>
    <property name="M2_HOME" value="/home/sathishtipofeve/.jenkins/tools/hudson.tasks.Maven_MavenInstallation/maven"/>
    <property name="XDG_CURRENT_DESKTOP" value="XFCE"/>
    <property name="java.io.tmpdir" value="/tmp"/>
    <property name="CI" value="true"/>
    <property name="HUDSON_HOME" value="/home/sathishtipofeve/.jenkins"/>
    <property name="PATH+MAVEN" value="/home/sathishtipofeve/.jenkins/tools/hudson.tasks.Maven_MavenInstallation/maven/bin"/>
    <property name="BUILD_URL" value="http://localhost:8082/job/SeleJenk/2/"/>
    <property name="java.vendor.url.bug" value="http://bugreport.sun.com/bugreport/"/>
    <property name="LS_COLORS" value="rs=0:di=01;34:ln=01;36:mh=00:pi=40;33:so=01;35:do=01;35:bd=40;33;01:cd=40;33;01:or=40;31;01:mi=00:su=37;41:sg=30;43:ca=30;41:tw=30;42:ow=34;42:st=37;44:ex=01;32:*.tar=01;31:*.tgz=01;31:*.arc=01;31:*.arj=01;31:*.taz=01;31:*.lha=01;31:*.lz4=01;31:*.lzh=01;31:*.lzma=01;31:*.tlz=01;31:*.txz=01;31:*.tzo=01;31:*.t7z=01;31:*.zip=01;31:*.z=01;31:*.Z=01;31:*.dz=01;31:*.gz=01;31:*.lrz=01;31:*.lz=01;31:*.lzo=01;31:*.xz=01;31:*.bz2=01;31:*.bz=01;31:*.tbz=01;31:*.tbz2=01;31:*.tz=01;31:*.deb=01;31:*.rpm=01;31:*.jar=01;31:*.war=01;31:*.ear=01;31:*.sar=01;31:*.rar=01;31:*.alz=01;31:*.ace=01;31:*.zoo=01;31:*.cpio=01;31:*.7z=01;31:*.rz=01;31:*.cab=01;31:*.jpg=01;35:*.jpeg=01;35:*.gif=01;35:*.bmp=01;35:*.pbm=01;35:*.pgm=01;35:*.ppm=01;35:*.tga=01;35:*.xbm=01;35:*.xpm=01;35:*.tif=01;35:*.tiff=01;35:*.png=01;35:*.svg=01;35:*.svgz=01;35:*.mng=01;35:*.pcx=01;35:*.mov=01;35:*.mpg=01;35:*.mpeg=01;35:*.m2v=01;35:*.mkv=01;35:*.webm=01;35:*.ogm=01;35:*.mp4=01;35:*.m4v=01;35:*.mp4v=01;35:*.vob=01;35:*.qt=01;35:*.nuv=01;35:*.wmv=01;35:*.asf=01;35:*.rm=01;35:*.rmvb=01;35:*.flc=01;35:*.avi=01;35:*.fli=01;35:*.flv=01;35:*.gl=01;35:*.dl=01;35:*.xcf=01;35:*.xwd=01;35:*.yuv=01;35:*.cgm=01;35:*.emf=01;35:*.ogv=01;35:*.ogx=01;35:*.aac=00;36:*.au=00;36:*.flac=00;36:*.m4a=00;36:*.mid=00;36:*.midi=00;36:*.mka=00;36:*.mp3=00;36:*.mpc=00;36:*.ogg=00;36:*.ra=00;36:*.wav=00;36:*.oga=00;36:*.opus=00;36:*.spx=00;36:*.xspf=00;36:"/>
    <property name="PULSE_SCRIPT" value="/etc/xrdp/pulse/default.pa"/>
    <property name="SSH_AUTH_SOCK" value="/tmp/ssh-3TVsLze93Bq8/agent.16236"/>
    <property name="MAVEN_OPTS" value=""/>
    <property name="java.awt.graphicsenv" value="sun.awt.X11GraphicsEnvironment"/>
    <property name="os.arch" value="amd64"/>
    <property name="java.ext.dirs" value="/usr/lib/jvm/java-8-openjdk-amd64/jre/lib/ext:/usr/java/packages/lib/ext"/>
    <property name="user.dir" value="/home/sathishtipofeve/eclipse-workspace/SeleJenk"/>
    <property name="JOB_URL" value="http://localhost:8082/job/SeleJenk/"/>
    <property name="line.separator" value="
"/>
    <property name="MAVEN_HOME" value="/home/sathishtipofeve/.jenkins/tools/hudson.tasks.Maven_MavenInstallation/maven"/>
    <property name="PROMPT_COMMAND" value="RETRN_VAL=$?;logger -p local6.debug &quot;$(hostname) $(whoami) [$]: $(history 1 | sed &quot;s/^[ ]*[0-9]\+[ ]*//&quot; ) [$RETRN_VAL]&quot;"/>
    <property name="java.vm.name" value="OpenJDK 64-Bit Server VM"/>
    <property name="BUILD_NUMBER" value="2"/>
    <property name="JENKINS_URL" value="http://localhost:8082/"/>
    <property name="QT_LINUX_ACCESSIBILITY_ALWAYS_ON" value="1"/>
    <property name="COLORTERM" value="xfce4-terminal"/>
    <property name="file.encoding" value="UTF-8"/>
    <property name="LANG" value="en_US.UTF-8"/>
    <property name="maven3.interceptor" value="/home/sathishtipofeve/.jenkins/plugins/maven-plugin/WEB-INF/lib/maven35-interceptor-1.13.jar"/>
    <property name="WORKSPACE_TMP" value="/home/sathishtipofeve/.jenkins/workspace/SeleJenk@tmp"/>
    <property name="WORKSPACE" value="/home/sathishtipofeve/.jenkins/workspace/SeleJenk"/>
    <property name="maven3.interceptor.common" value="/home/sathishtipofeve/.jenkins/plugins/maven-plugin/WEB-INF/lib/maven3-interceptor-commons-1.13.jar"/>
    <property name="java.specification.version" value="1.8"/>
    <property name="USER" value="sathishtipofeve"/>
  </properties>
  <testcase classname="com.example.NewTest" name="f" time="0.769"/>
</testsuite>