<?xml version="1.0" encoding="UTF-8"?>
<!-- Generated by org.testng.reporters.JUnitReportReporter -->
<testsuite skipped="0" hostname="ip-172-31-25-251" name="com.example.NewTest" tests="1" failures="0" timestamp="10 Jul 2022 14:45:45 GMT" time="0.767" errors="0">
  <testcase name="f" time="0.767" classname="com.example.NewTest"/>
</testsuite> <!-- com.example.NewTest -->
