<?xml version="1.0" encoding="UTF-8"?>
<!-- Generated by org.testng.reporters.JUnitReportReporter -->
<testsuite skipped="0" hostname="ip-172-31-25-251" name="com.testannotations.TestAnnotations" tests="2" failures="0" timestamp="2022-07-09T14:39:49 UTC" time="0.013" errors="0">
  <testcase name="Test1" time="0.011" classname="com.testannotations.TestAnnotations"/>
  <system-out/>
  <testcase name="Test2" time="0.002" classname="com.testannotations.TestAnnotations"/>
  <system-out/>
</testsuite> <!-- com.testannotations.TestAnnotations -->
