<?xml version="1.0" encoding="UTF-8"?>
<!-- Generated by org.testng.reporters.JUnitReportReporter -->
<testsuite skipped="0" hostname="ip-172-31-25-251" name="com.demo.Integration" tests="4" failures="0" timestamp="2022-07-09T16:48:49 UTC" time="7.463" errors="0">
  <testcase name="TryFacebook2" time="1.002" classname="com.demo.Integration"/>
  <system-out/>
  <testcase name="LaunchChrome" time="1.958" classname="com.demo.Integration"/>
  <system-out/>
  <testcase name="TryFacebook1" time="0.504" classname="com.demo.Integration"/>
  <system-out/>
  <testcase name="LaunchFirefox" time="3.999" classname="com.demo.Integration"/>
  <system-out/>
</testsuite> <!-- com.demo.Integration -->
